================================================================================
Script 04: Environment-Specific Fits & Z-Scores
================================================================================

Loading data...
  ⚠ Could not load Parquet: [Errno 2] No such file or directory: '/n/scratch/users/b/byc014/github/bac_genome_constraint/results/4_statistical_analyses/02_env_cohorts/master_table_env_filtered.parquet'
    Trying TSV format...
  ✓ Loaded 2164 genomes from TSV
  ✓ Loaded 330 global scaling parameters
  ✓ Loaded 8 valid environments
  ✓ Loaded GO labels for 334 categories
  Using 8 environments and 330 GO categories

A. Fitting Per-Environment Scaling Laws
--------------------------------------------------------------------------------
  Aquatic: 330 / 330 categories fitted
  Terrestrial: 330 / 330 categories fitted
  Mammals: Human: 330 / 330 categories fitted
  Plants: 330 / 330 categories fitted
  Mammals: 330 / 330 categories fitted
  Food production: 330 / 330 categories fitted
  Wastewater: 330 / 330 categories fitted
  Birds: 330 / 330 categories fitted

  Total env×category fits: 2640 / 2640
  Skipped due to low sample size (<10): 0
  Skipped due to low variance: 0

B. Computing Z-Scores
--------------------------------------------------------------------------------
  ⚠ Z-score undefined for Aquatic×0000179: SE=0 (alpha)
  ⚠ Z-score undefined for Aquatic×0000179: SE=0 (beta)
  ⚠ Skipping Aquatic×0000179: invalid Z (alpha=nan, beta=nan, alpha_se=0.000000, beta_se=0.000000)
  ⚠ Z-score undefined for Aquatic×0000311: SE=0 (alpha)
  ⚠ Z-score undefined for Aquatic×0000311: SE=0 (beta)
  ⚠ Skipping Aquatic×0000311: invalid Z (alpha=nan, beta=nan, alpha_se=0.000000, beta_se=0.000000)
  ⚠ Z-score undefined for Aquatic×0003883: SE=0 (alpha)
  ⚠ Z-score undefined for Aquatic×0003883: SE=0 (beta)
  ⚠ Skipping Aquatic×0003883: invalid Z (alpha=nan, beta=nan, alpha_se=0.000000, beta_se=0.000000)
  ⚠ Z-score undefined for Aquatic×0004526: SE=0 (alpha)
  ⚠ Z-score undefined for Aquatic×0004526: SE=0 (beta)
  ⚠ Skipping Aquatic×0004526: invalid Z (alpha=nan, beta=nan, alpha_se=0.000000, beta_se=0.000000)
  ⚠ Z-score undefined for Aquatic×0005047: SE=0 (alpha)
  ⚠ Z-score undefined for Aquatic×0005047: SE=0 (beta)
  ⚠ Skipping Aquatic×0005047: invalid Z (alpha=nan, beta=nan, alpha_se=0.000000, beta_se=0.000000)
  ⚠ Z-score undefined for Aquatic×0005048: SE=0 (alpha)
  ⚠ Z-score undefined for Aquatic×0005048: SE=0 (beta)
  ⚠ Z-score undefined for Aquatic×0008135: SE=0 (alpha)
  ⚠ Z-score undefined for Aquatic×0008135: SE=0 (beta)
  ⚠ Z-score undefined for Aquatic×0009379: SE=0 (alpha)
  ⚠ Z-score undefined for Aquatic×0009379: SE=0 (beta)
  ⚠ Z-score undefined for Aquatic×0048501: SE=0 (alpha)
  ⚠ Z-score undefined for Aquatic×0048501: SE=0 (beta)
  ⚠ Z-score undefined for Aquatic×0052906: SE=0 (alpha)
  ⚠ Z-score undefined for Aquatic×0052906: SE=0 (beta)
  ⚠ Z-score undefined for Terrestrial×0000179: SE=0 (alpha)
  ⚠ Z-score undefined for Terrestrial×0000179: SE=0 (beta)
  ⚠ Z-score undefined for Terrestrial×0004140: SE=0 (alpha)
  ⚠ Z-score undefined for Terrestrial×0004140: SE=0 (beta)
  ⚠ Z-score undefined for Terrestrial×0004526: SE=0 (alpha)
  ⚠ Z-score undefined for Terrestrial×0004526: SE=0 (beta)
  ⚠ Z-score undefined for Terrestrial×0005047: SE=0 (alpha)
  ⚠ Z-score undefined for Terrestrial×0005047: SE=0 (beta)
  ⚠ Z-score undefined for Terrestrial×0006614: SE=0 (alpha)
  ⚠ Z-score undefined for Terrestrial×0006614: SE=0 (beta)
  ⚠ Z-score undefined for Terrestrial×0008135: SE=0 (alpha)
  ⚠ Z-score undefined for Terrestrial×0008135: SE=0 (beta)
  ⚠ Z-score undefined for Mammals: Human×0000179: SE=0 (alpha)
  ⚠ Z-score undefined for Mammals: Human×0000179: SE=0 (beta)
  ⚠ Z-score undefined for Mammals: Human×0000311: SE=0 (alpha)
  ⚠ Z-score undefined for Mammals: Human×0000311: SE=0 (beta)
  ⚠ Z-score undefined for Mammals: Human×0004526: SE=0 (alpha)
  ⚠ Z-score undefined for Mammals: Human×0004526: SE=0 (beta)
  ⚠ Z-score undefined for Mammals: Human×0004654: SE=0 (alpha)
  ⚠ Z-score undefined for Mammals: Human×0004654: SE=0 (beta)
  ⚠ Z-score undefined for Mammals: Human×0005047: SE=0 (alpha)
  ⚠ Z-score undefined for Mammals: Human×0005047: SE=0 (beta)
  ⚠ Z-score undefined for Mammals: Human×0005048: SE=0 (alpha)
  ⚠ Z-score undefined for Mammals: Human×0005048: SE=0 (beta)
  ⚠ Z-score undefined for Mammals: Human×0008135: SE=0 (alpha)
  ⚠ Z-score undefined for Mammals: Human×0008135: SE=0 (beta)
  ⚠ Z-score undefined for Mammals: Human×0046118: SE=0 (alpha)
  ⚠ Z-score undefined for Mammals: Human×0046118: SE=0 (beta)
  ⚠ Z-score undefined for Mammals: Human×0048501: SE=0 (alpha)
  ⚠ Z-score undefined for Mammals: Human×0048501: SE=0 (beta)
  ⚠ Z-score undefined for Mammals: Human×0052906: SE=0 (alpha)
  ⚠ Z-score undefined for Mammals: Human×0052906: SE=0 (beta)
  ⚠ Z-score undefined for Plants×0000179: SE=0 (alpha)
  ⚠ Z-score undefined for Plants×0000179: SE=0 (beta)
  ⚠ Z-score undefined for Plants×0000311: SE=0 (alpha)
  ⚠ Z-score undefined for Plants×0000311: SE=0 (beta)
  ⚠ Z-score undefined for Plants×0004140: SE=0 (alpha)
  ⚠ Z-score undefined for Plants×0004140: SE=0 (beta)
  ⚠ Z-score undefined for Plants×0004654: SE=0 (alpha)
  ⚠ Z-score undefined for Plants×0004654: SE=0 (beta)
  ⚠ Z-score undefined for Plants×0005854: SE=0 (alpha)
  ⚠ Z-score undefined for Plants×0005854: SE=0 (beta)
  ⚠ Z-score undefined for Plants×0008135: SE=0 (alpha)
  ⚠ Z-score undefined for Plants×0008135: SE=0 (beta)
  ⚠ Z-score undefined for Plants×0009379: SE=0 (alpha)
  ⚠ Z-score undefined for Plants×0009379: SE=0 (beta)
  ⚠ Z-score undefined for Plants×0009381: SE=0 (alpha)
  ⚠ Z-score undefined for Plants×0009381: SE=0 (beta)
  ⚠ Z-score undefined for Plants×0015136: SE=0 (alpha)
  ⚠ Z-score undefined for Plants×0015136: SE=0 (beta)
  ⚠ Z-score undefined for Plants×0015739: SE=0 (alpha)
  ⚠ Z-score undefined for Plants×0015739: SE=0 (beta)
  ⚠ Z-score undefined for Plants×0051083: SE=0 (alpha)
  ⚠ Z-score undefined for Plants×0051083: SE=0 (beta)
  ⚠ Z-score undefined for Plants×0052906: SE=0 (alpha)
  ⚠ Z-score undefined for Plants×0052906: SE=0 (beta)
  ⚠ Z-score undefined for Mammals×0000179: SE=0 (alpha)
  ⚠ Z-score undefined for Mammals×0000179: SE=0 (beta)
  ⚠ Z-score undefined for Mammals×0000311: SE=0 (alpha)
  ⚠ Z-score undefined for Mammals×0000311: SE=0 (beta)
  ⚠ Z-score undefined for Mammals×0004526: SE=0 (alpha)
  ⚠ Z-score undefined for Mammals×0004526: SE=0 (beta)
  ⚠ Z-score undefined for Mammals×0004595: SE=0 (alpha)
  ⚠ Z-score undefined for Mammals×0004595: SE=0 (beta)
  ⚠ Z-score undefined for Mammals×0004637: SE=0 (alpha)
  ⚠ Z-score undefined for Mammals×0004637: SE=0 (beta)
  ⚠ Z-score undefined for Mammals×0004654: SE=0 (alpha)
  ⚠ Z-score undefined for Mammals×0004654: SE=0 (beta)
  ⚠ Z-score undefined for Mammals×0004823: SE=0 (alpha)
  ⚠ Z-score undefined for Mammals×0004823: SE=0 (beta)
  ⚠ Z-score undefined for Mammals×0004828: SE=0 (alpha)
  ⚠ Z-score undefined for Mammals×0004828: SE=0 (beta)
  ⚠ Z-score undefined for Mammals×0004832: SE=0 (alpha)
  ⚠ Z-score undefined for Mammals×0004832: SE=0 (beta)
  ⚠ Z-score undefined for Mammals×0005047: SE=0 (alpha)
  ⚠ Z-score undefined for Mammals×0005047: SE=0 (beta)
  ⚠ Z-score undefined for Mammals×0005048: SE=0 (alpha)
  ⚠ Z-score undefined for Mammals×0005048: SE=0 (beta)
  ⚠ Z-score undefined for Mammals×0006429: SE=0 (alpha)
  ⚠ Z-score undefined for Mammals×0006429: SE=0 (beta)
  ⚠ Z-score undefined for Mammals×0006434: SE=0 (alpha)
  ⚠ Z-score undefined for Mammals×0006434: SE=0 (beta)
  ⚠ Z-score undefined for Mammals×0006438: SE=0 (alpha)
  ⚠ Z-score undefined for Mammals×0006438: SE=0 (beta)
  ⚠ Z-score undefined for Mammals×0008135: SE=0 (alpha)
  ⚠ Z-score undefined for Mammals×0008135: SE=0 (beta)
  ⚠ Z-score undefined for Mammals×0008966: SE=0 (alpha)
  ⚠ Z-score undefined for Mammals×0008966: SE=0 (beta)
  ⚠ Z-score undefined for Mammals×0009379: SE=0 (alpha)
  ⚠ Z-score undefined for Mammals×0009379: SE=0 (beta)
  ⚠ Z-score undefined for Mammals×0033862: SE=0 (alpha)
  ⚠ Z-score undefined for Mammals×0033862: SE=0 (beta)
  ⚠ Z-score undefined for Mammals×0048501: SE=0 (alpha)
  ⚠ Z-score undefined for Mammals×0048501: SE=0 (beta)
  ⚠ Z-score undefined for Mammals×0052906: SE=0 (alpha)
  ⚠ Z-score undefined for Mammals×0052906: SE=0 (beta)
  ⚠ Z-score undefined for Food production×0000179: SE=0 (alpha)
  ⚠ Z-score undefined for Food production×0000179: SE=0 (beta)
  ⚠ Z-score undefined for Food production×0000311: SE=0 (alpha)
  ⚠ Z-score undefined for Food production×0000311: SE=0 (beta)
  ⚠ Z-score undefined for Food production×0003688: SE=0 (alpha)
  ⚠ Z-score undefined for Food production×0003688: SE=0 (beta)
  ⚠ Z-score undefined for Food production×0003883: SE=0 (alpha)
  ⚠ Z-score undefined for Food production×0003883: SE=0 (beta)
  ⚠ Z-score undefined for Food production×0003922: SE=0 (alpha)
  ⚠ Z-score undefined for Food production×0003922: SE=0 (beta)
  ⚠ Z-score undefined for Food production×0004107: SE=0 (alpha)
  ⚠ Z-score undefined for Food production×0004107: SE=0 (beta)
  ⚠ Z-score undefined for Food production×0004525: SE=0 (alpha)
  ⚠ Z-score undefined for Food production×0004525: SE=0 (beta)
  ⚠ Z-score undefined for Food production×0004526: SE=0 (alpha)
  ⚠ Z-score undefined for Food production×0004526: SE=0 (beta)
  ⚠ Z-score undefined for Food production×0004588: SE=0 (alpha)
  ⚠ Z-score undefined for Food production×0004588: SE=0 (beta)
  ⚠ Z-score undefined for Food production×0004595: SE=0 (alpha)
  ⚠ Z-score undefined for Food production×0004595: SE=0 (beta)
  ⚠ Z-score undefined for Food production×0004654: SE=0 (alpha)
  ⚠ Z-score undefined for Food production×0004654: SE=0 (beta)
  ⚠ Z-score undefined for Food production×0004822: SE=0 (alpha)
  ⚠ Z-score undefined for Food production×0004822: SE=0 (beta)
  ⚠ Z-score undefined for Food production×0004823: SE=0 (alpha)
  ⚠ Z-score undefined for Food production×0004823: SE=0 (beta)
  ⚠ Z-score undefined for Food production×0004832: SE=0 (alpha)
  ⚠ Z-score undefined for Food production×0004832: SE=0 (beta)
  ⚠ Z-score undefined for Food production×0005047: SE=0 (alpha)
  ⚠ Z-score undefined for Food production×0005047: SE=0 (beta)
  ⚠ Z-score undefined for Food production×0005048: SE=0 (alpha)
  ⚠ Z-score undefined for Food production×0005048: SE=0 (beta)
  ⚠ Z-score undefined for Food production×0006428: SE=0 (alpha)
  ⚠ Z-score undefined for Food production×0006428: SE=0 (beta)
  ⚠ Z-score undefined for Food production×0006429: SE=0 (alpha)
  ⚠ Z-score undefined for Food production×0006429: SE=0 (beta)
  ⚠ Z-score undefined for Food production×0006438: SE=0 (alpha)
  ⚠ Z-score undefined for Food production×0006438: SE=0 (beta)
  ⚠ Z-score undefined for Food production×0006614: SE=0 (alpha)
  ⚠ Z-score undefined for Food production×0006614: SE=0 (beta)
  ⚠ Z-score undefined for Food production×0008135: SE=0 (alpha)
  ⚠ Z-score undefined for Food production×0008135: SE=0 (beta)
  ⚠ Z-score undefined for Food production×0008763: SE=0 (alpha)
  ⚠ Z-score undefined for Food production×0008763: SE=0 (beta)
  ⚠ Z-score undefined for Food production×0008764: SE=0 (alpha)
  ⚠ Z-score undefined for Food production×0008764: SE=0 (beta)
  ⚠ Z-score undefined for Food production×0008966: SE=0 (alpha)
  ⚠ Z-score undefined for Food production×0008966: SE=0 (beta)
  ⚠ Z-score undefined for Food production×0009379: SE=0 (alpha)
  ⚠ Z-score undefined for Food production×0009379: SE=0 (beta)
  ⚠ Z-score undefined for Food production×0016434: SE=0 (alpha)
  ⚠ Z-score undefined for Food production×0016434: SE=0 (beta)
  ⚠ Z-score undefined for Food production×0048501: SE=0 (alpha)
  ⚠ Z-score undefined for Food production×0048501: SE=0 (beta)
  ⚠ Z-score undefined for Wastewater×0000179: SE=0 (alpha)
  ⚠ Z-score undefined for Wastewater×0000179: SE=0 (beta)
  ⚠ Z-score undefined for Wastewater×0000311: SE=0 (alpha)
  ⚠ Z-score undefined for Wastewater×0000311: SE=0 (beta)
  ⚠ Z-score undefined for Wastewater×0003688: SE=0 (alpha)
  ⚠ Z-score undefined for Wastewater×0003688: SE=0 (beta)
  ⚠ Z-score undefined for Wastewater×0003883: SE=0 (alpha)
  ⚠ Z-score undefined for Wastewater×0003883: SE=0 (beta)
  ⚠ Z-score undefined for Wastewater×0003922: SE=0 (alpha)
  ⚠ Z-score undefined for Wastewater×0003922: SE=0 (beta)
  ⚠ Z-score undefined for Wastewater×0004018: SE=0 (alpha)
  ⚠ Z-score undefined for Wastewater×0004018: SE=0 (beta)
  ⚠ Z-score undefined for Wastewater×0004526: SE=0 (alpha)
  ⚠ Z-score undefined for Wastewater×0004526: SE=0 (beta)
  ⚠ Z-score undefined for Wastewater×0004637: SE=0 (alpha)
  ⚠ Z-score undefined for Wastewater×0004637: SE=0 (beta)
  ⚠ Z-score undefined for Wastewater×0004654: SE=0 (alpha)
  ⚠ Z-score undefined for Wastewater×0004654: SE=0 (beta)
  ⚠ Z-score undefined for Wastewater×0004821: SE=0 (alpha)
  ⚠ Z-score undefined for Wastewater×0004821: SE=0 (beta)
  ⚠ Z-score undefined for Wastewater×0004822: SE=0 (alpha)
  ⚠ Z-score undefined for Wastewater×0004822: SE=0 (beta)
  ⚠ Z-score undefined for Wastewater×0004823: SE=0 (alpha)
  ⚠ Z-score undefined for Wastewater×0004823: SE=0 (beta)
  ⚠ Z-score undefined for Wastewater×0004832: SE=0 (alpha)
  ⚠ Z-score undefined for Wastewater×0004832: SE=0 (beta)
  ⚠ Z-score undefined for Wastewater×0005047: SE=0 (alpha)
  ⚠ Z-score undefined for Wastewater×0005047: SE=0 (beta)
  ⚠ Z-score undefined for Wastewater×0005048: SE=0 (alpha)
  ⚠ Z-score undefined for Wastewater×0005048: SE=0 (beta)
  ⚠ Z-score undefined for Wastewater×0006177: SE=0 (alpha)
  ⚠ Z-score undefined for Wastewater×0006177: SE=0 (beta)
  ⚠ Z-score undefined for Wastewater×0006427: SE=0 (alpha)
  ⚠ Z-score undefined for Wastewater×0006427: SE=0 (beta)
  ⚠ Z-score undefined for Wastewater×0006428: SE=0 (alpha)
  ⚠ Z-score undefined for Wastewater×0006428: SE=0 (beta)
  ⚠ Z-score undefined for Wastewater×0006429: SE=0 (alpha)
  ⚠ Z-score undefined for Wastewater×0006429: SE=0 (beta)
  ⚠ Z-score undefined for Wastewater×0006438: SE=0 (alpha)
  ⚠ Z-score undefined for Wastewater×0006438: SE=0 (beta)
  ⚠ Z-score undefined for Wastewater×0008094: SE=0 (alpha)
  ⚠ Z-score undefined for Wastewater×0008094: SE=0 (beta)
  ⚠ Z-score undefined for Wastewater×0008135: SE=0 (alpha)
  ⚠ Z-score undefined for Wastewater×0008135: SE=0 (beta)
  ⚠ Z-score undefined for Wastewater×0008966: SE=0 (alpha)
  ⚠ Z-score undefined for Wastewater×0008966: SE=0 (beta)
  ⚠ Z-score undefined for Wastewater×0009379: SE=0 (alpha)
  ⚠ Z-score undefined for Wastewater×0009379: SE=0 (beta)
  ⚠ Z-score undefined for Wastewater×0015136: SE=0 (alpha)
  ⚠ Z-score undefined for Wastewater×0015136: SE=0 (beta)
  ⚠ Z-score undefined for Wastewater×0015739: SE=0 (alpha)
  ⚠ Z-score undefined for Wastewater×0015739: SE=0 (beta)
  ⚠ Z-score undefined for Wastewater×0048501: SE=0 (alpha)
  ⚠ Z-score undefined for Wastewater×0048501: SE=0 (beta)
  ⚠ Z-score undefined for Wastewater×0052906: SE=0 (alpha)
  ⚠ Z-score undefined for Wastewater×0052906: SE=0 (beta)
  ⚠ Z-score undefined for Birds×0000179: SE=0 (alpha)
  ⚠ Z-score undefined for Birds×0000179: SE=0 (beta)
  ⚠ Z-score undefined for Birds×0000311: SE=0 (alpha)
  ⚠ Z-score undefined for Birds×0000311: SE=0 (beta)
  ⚠ Z-score undefined for Birds×0003883: SE=0 (alpha)
  ⚠ Z-score undefined for Birds×0003883: SE=0 (beta)
  ⚠ Z-score undefined for Birds×0003922: SE=0 (alpha)
  ⚠ Z-score undefined for Birds×0003922: SE=0 (beta)
  ⚠ Z-score undefined for Birds×0004107: SE=0 (alpha)
  ⚠ Z-score undefined for Birds×0004107: SE=0 (beta)
  ⚠ Z-score undefined for Birds×0004140: SE=0 (alpha)
  ⚠ Z-score undefined for Birds×0004140: SE=0 (beta)
  ⚠ Z-score undefined for Birds×0004385: SE=0 (alpha)
  ⚠ Z-score undefined for Birds×0004385: SE=0 (beta)
  ⚠ Z-score undefined for Birds×0004525: SE=0 (alpha)
  ⚠ Z-score undefined for Birds×0004525: SE=0 (beta)
  ⚠ Z-score undefined for Birds×0004526: SE=0 (alpha)
  ⚠ Z-score undefined for Birds×0004526: SE=0 (beta)
  ⚠ Z-score undefined for Birds×0004588: SE=0 (alpha)
  ⚠ Z-score undefined for Birds×0004588: SE=0 (beta)
  ⚠ Z-score undefined for Birds×0004595: SE=0 (alpha)
  ⚠ Z-score undefined for Birds×0004595: SE=0 (beta)
  ⚠ Z-score undefined for Birds×0004637: SE=0 (alpha)
  ⚠ Z-score undefined for Birds×0004637: SE=0 (beta)
  ⚠ Z-score undefined for Birds×0004654: SE=0 (alpha)
  ⚠ Z-score undefined for Birds×0004654: SE=0 (beta)
  ⚠ Z-score undefined for Birds×0004814: SE=0 (alpha)
  ⚠ Z-score undefined for Birds×0004814: SE=0 (beta)
  ⚠ Z-score undefined for Birds×0004821: SE=0 (alpha)
  ⚠ Z-score undefined for Birds×0004821: SE=0 (beta)
  ⚠ Z-score undefined for Birds×0004822: SE=0 (alpha)
  ⚠ Z-score undefined for Birds×0004822: SE=0 (beta)
  ⚠ Z-score undefined for Birds×0004823: SE=0 (alpha)
  ⚠ Z-score undefined for Birds×0004823: SE=0 (beta)
  ⚠ Z-score undefined for Birds×0004825: SE=0 (alpha)
  ⚠ Z-score undefined for Birds×0004825: SE=0 (beta)
  ⚠ Z-score undefined for Birds×0004828: SE=0 (alpha)
  ⚠ Z-score undefined for Birds×0004828: SE=0 (beta)
  ⚠ Z-score undefined for Birds×0004832: SE=0 (alpha)
  ⚠ Z-score undefined for Birds×0004832: SE=0 (beta)
  ⚠ Z-score undefined for Birds×0005047: SE=0 (alpha)
  ⚠ Z-score undefined for Birds×0005047: SE=0 (beta)
  ⚠ Z-score undefined for Birds×0005048: SE=0 (alpha)
  ⚠ Z-score undefined for Birds×0005048: SE=0 (beta)
  ⚠ Z-score undefined for Birds×0006275: SE=0 (alpha)
  ⚠ Z-score undefined for Birds×0006275: SE=0 (beta)
  ⚠ Z-score undefined for Birds×0006420: SE=0 (alpha)
  ⚠ Z-score undefined for Birds×0006420: SE=0 (beta)
  ⚠ Z-score undefined for Birds×0006427: SE=0 (alpha)
  ⚠ Z-score undefined for Birds×0006427: SE=0 (beta)
  ⚠ Z-score undefined for Birds×0006428: SE=0 (alpha)
  ⚠ Z-score undefined for Birds×0006428: SE=0 (beta)
  ⚠ Z-score undefined for Birds×0006429: SE=0 (alpha)
  ⚠ Z-score undefined for Birds×0006429: SE=0 (beta)
  ⚠ Z-score undefined for Birds×0006431: SE=0 (alpha)
  ⚠ Z-score undefined for Birds×0006431: SE=0 (beta)
  ⚠ Z-score undefined for Birds×0006434: SE=0 (alpha)
  ⚠ Z-score undefined for Birds×0006434: SE=0 (beta)
  ⚠ Z-score undefined for Birds×0006438: SE=0 (alpha)
  ⚠ Z-score undefined for Birds×0006438: SE=0 (beta)
  ⚠ Z-score undefined for Birds×0006614: SE=0 (alpha)
  ⚠ Z-score undefined for Birds×0006614: SE=0 (beta)
  ⚠ Z-score undefined for Birds×0008094: SE=0 (alpha)
  ⚠ Z-score undefined for Birds×0008094: SE=0 (beta)
  ⚠ Z-score undefined for Birds×0008135: SE=0 (alpha)
  ⚠ Z-score undefined for Birds×0008135: SE=0 (beta)
  ⚠ Z-score undefined for Birds×0008762: SE=0 (alpha)
  ⚠ Z-score undefined for Birds×0008762: SE=0 (beta)
  ⚠ Z-score undefined for Birds×0008764: SE=0 (alpha)
  ⚠ Z-score undefined for Birds×0008764: SE=0 (beta)
  ⚠ Z-score undefined for Birds×0008963: SE=0 (alpha)
  ⚠ Z-score undefined for Birds×0008963: SE=0 (beta)
  ⚠ Z-score undefined for Birds×0008966: SE=0 (alpha)
  ⚠ Z-score undefined for Birds×0008966: SE=0 (beta)
  ⚠ Z-score undefined for Birds×0009320: SE=0 (alpha)
  ⚠ Z-score undefined for Birds×0009320: SE=0 (beta)
  ⚠ Z-score undefined for Birds×0009379: SE=0 (alpha)
  ⚠ Z-score undefined for Birds×0009379: SE=0 (beta)
  ⚠ Z-score undefined for Birds×0009381: SE=0 (alpha)
  ⚠ Z-score undefined for Birds×0009381: SE=0 (beta)
  ⚠ Z-score undefined for Birds×0015136: SE=0 (alpha)
  ⚠ Z-score undefined for Birds×0015136: SE=0 (beta)
  ⚠ Z-score undefined for Birds×0015739: SE=0 (alpha)
  ⚠ Z-score undefined for Birds×0015739: SE=0 (beta)
  ⚠ Z-score undefined for Birds×0015935: SE=0 (alpha)
  ⚠ Z-score undefined for Birds×0015935: SE=0 (beta)
  ⚠ Z-score undefined for Birds×0016434: SE=0 (alpha)
  ⚠ Z-score undefined for Birds×0016434: SE=0 (beta)
  ⚠ Z-score undefined for Birds×0030955: SE=0 (alpha)
  ⚠ Z-score undefined for Birds×0030955: SE=0 (beta)
  ⚠ Z-score undefined for Birds×0033862: SE=0 (alpha)
  ⚠ Z-score undefined for Birds×0033862: SE=0 (beta)
  ⚠ Z-score undefined for Birds×0046118: SE=0 (alpha)
  ⚠ Z-score undefined for Birds×0046118: SE=0 (beta)
  ⚠ Z-score undefined for Birds×0048501: SE=0 (alpha)
  ⚠ Z-score undefined for Birds×0048501: SE=0 (beta)
  ⚠ Z-score undefined for Birds×0050511: SE=0 (alpha)
  ⚠ Z-score undefined for Birds×0050511: SE=0 (beta)
  ⚠ Z-score undefined for Birds×0052906: SE=0 (alpha)
  ⚠ Z-score undefined for Birds×0052906: SE=0 (beta)
  Computed 2477 valid Z-scores

C. Category-Level Aggregation
--------------------------------------------------------------------------------
  Aggregated Z-scores for 325 categories
  Z_alpha_category: min=0.1911, median=1.9623, max=5.5904
  Z_beta_category: min=0.2010, median=1.9716, max=5.5238
  ⚠ 5 categories with n_envs_used < 3
  ⚠ 157 categories with Z_alpha_category > 2
  ⚠ 155 categories with Z_beta_category > 2

  Top 10 categories by Z_alpha_category:
    glycine hydroxymethyltransferase activity (GO:0004372): Z_alpha=5.5904, n_envs=8
    glycine biosynthetic process from serine (GO:0019264): Z_alpha=5.5904, n_envs=8
    4 iron, 4 sulfur cluster binding (GO:0051539): Z_alpha=5.3251, n_envs=8
    glutamine-fructose-6-phosphate transaminase (isomerizing) activity (GO:0004360): Z_alpha=5.2809, n_envs=8
    catalytic activity (GO:0003824): Z_alpha=5.2065, n_envs=8
    aspartate-semialdehyde dehydrogenase activity (GO:0004073): Z_alpha=4.6927, n_envs=8
    valine-tRNA ligase activity (GO:0004832): Z_alpha=4.3837, n_envs=4
    valyl-tRNA aminoacylation (GO:0006438): Z_alpha=4.3837, n_envs=4
    translation (GO:0006412): Z_alpha=4.1608, n_envs=8
    electron transfer activity (GO:0009055): Z_alpha=3.9694, n_envs=8

  Top 10 categories by Z_beta_category:
    glycine hydroxymethyltransferase activity (GO:0004372): Z_beta=5.5238, n_envs=8
    glycine biosynthetic process from serine (GO:0019264): Z_beta=5.5238, n_envs=8
    4 iron, 4 sulfur cluster binding (GO:0051539): Z_beta=5.4936, n_envs=8
    catalytic activity (GO:0003824): Z_beta=5.3842, n_envs=8
    glutamine-fructose-6-phosphate transaminase (isomerizing) activity (GO:0004360): Z_beta=5.2446, n_envs=8
    aspartate-semialdehyde dehydrogenase activity (GO:0004073): Z_beta=4.6459, n_envs=8
    valine-tRNA ligase activity (GO:0004832): Z_beta=4.2847, n_envs=4
    valyl-tRNA aminoacylation (GO:0006438): Z_beta=4.2847, n_envs=4
    translation (GO:0006412): Z_beta=4.1663, n_envs=8
    electron transfer activity (GO:0009055): Z_beta=4.1046, n_envs=8

D. Writing Outputs
--------------------------------------------------------------------------------
  ✓ env_scaling_params.tsv: 2640 env×category fits
  ✓ env_vs_global_Z_scores.tsv: 2477 env×category Z-scores
  ✓ category_Z_summary.tsv: 325 categories